#
# There is insufficient memory for the Java Runtime Environment to continue.
# Native memory allocation (mmap) failed to map 257949696 bytes for Failed to commit area from 0x000000070a000000 to 0x0000000719600000 of length 257949696.
# Possible reasons:
#   The system is out of physical RAM or swap space
#   The process is running with CompressedOops enabled, and the Java Heap may be blocking the growth of the native heap
# Possible solutions:
#   Reduce memory load on the system
#   Increase physical memory or swap space
#   Check if swap backing store is full
#   Decrease Java heap size (-Xmx/-Xms)
#   Decrease number of Java threads
#   Decrease Java thread stack sizes (-Xss)
#   Set larger code cache with -XX:ReservedCodeCacheSize=
# This output file may be truncated or incomplete.
#
#  Out of Memory Error (./src/hotspot/os/windows/os_windows.cpp:3619), pid=16136, tid=54776
#
# JRE version:  (11.0.13) (build )
# Java VM: OpenJDK 64-Bit Server VM (11.0.13+0-b1751.21-8125866, mixed mode, sharing, tiered, compressed oops, g1 gc, windows-amd64)
# No core dump will be written. Minidumps are not enabled by default on client versions of Windows
#

---------------  S U M M A R Y ------------

Command Line: -javaagent:D:\Java\Android\Android Studio\lib\idea_rt.jar=56303:D:\Java\Android\Android Studio\bin -Dfile.encoding=UTF-8 com.sy.im.NettyServer

Host: AMD Ryzen 5 4600U with Radeon Graphics         , 12 cores, 15G,  Windows 10 , 64 bit Build 19041 (10.0.19041.3393)
Time: Wed Oct 18 17:42:15 2023 中国标准时间 elapsed time: 0.017190 seconds (0d 0h 0m 0s)

---------------  T H R E A D  ---------------

Current thread (0x000001b957465000):  JavaThread "Unknown thread" [_thread_in_vm, id=54776, stack(0x000000156d500000,0x000000156d600000)]

Stack: [0x000000156d500000,0x000000156d600000]
Native frames: (J=compiled Java code, j=interpreted, Vv=VM code, C=native code)
V  [jvm.dll+0x6100fa]
V  [jvm.dll+0x747090]
V  [jvm.dll+0x7486ad]
V  [jvm.dll+0x748d83]
V  [jvm.dll+0x24ab48]
V  [jvm.dll+0x60d164]
V  [jvm.dll+0x601e75]
V  [jvm.dll+0x308bdb]
V  [jvm.dll+0x308b4a]
V  [jvm.dll+0x308a22]
V  [jvm.dll+0x30d986]
V  [jvm.dll+0x357093]
V  [jvm.dll+0x357796]
V  [jvm.dll+0x357193]
V  [jvm.dll+0x2e3448]
V  [jvm.dll+0x2e45f7]
V  [jvm.dll+0x7242e7]
V  [jvm.dll+0x725adc]
V  [jvm.dll+0x364629]
V  [jvm.dll+0x707cee]
V  [jvm.dll+0x3d2633]
V  [jvm.dll+0x3d4a21]
C  [jli.dll+0x536b]
C  [ucrtbase.dll+0x21bb2]
C  [KERNEL32.DLL+0x17344]
C  [ntdll.dll+0x526b1]


---------------  P R O C E S S  ---------------

Threads class SMR info:
_java_thread_list=0x000001b9551a3c90, length=0, elements={
}

Java Threads: ( => current thread )

Other Threads:
  0x000001b95747c800 GCTaskThread "GC Thread#0" [stack: 0x000000156d600000,0x000000156d700000] [id=9156]
  0x000001b9574d7000 ConcurrentGCThread "G1 Main Marker" [stack: 0x000000156d700000,0x000000156d800000] [id=58932]
  0x000001b9574d8800 ConcurrentGCThread "G1 Conc#0" [stack: 0x000000156d800000,0x000000156d900000] [id=5712]

[error occurred during error reporting (printing all threads), id 0xc0000005, EXCEPTION_ACCESS_VIOLATION (0xc0000005) at pc=0x00007fff72b23dd7]

VM state:not at safepoint (not fully initialized)

VM Mutex/Monitor currently owned by a thread:  ([mutex/lock_event])
[0x000001b957461aa0] Heap_lock - owner thread: 0x000001b957465000

Heap address: 0x000000070a000000, size: 3936 MB, Compressed Oops mode: Non-zero based: 0x000000070a000000
Narrow klass base: 0x0000000000000000, Narrow klass shift: 0

GC Heap History (0 events):
No events

Deoptimization events (0 events):
No events

Classes redefined (0 events):
No events

Internal exceptions (0 events):
No events

Events (1 events):
Event: 0.009 Loaded shared library D:\Java\Android\Android Studio\jre\bin\zip.dll


Dynamic libraries:
0x00007ff656140000 - 0x00007ff65614a000 	D:\Java\Android\Android Studio\jre\bin\java.exe
0x00007fffa5a30000 - 0x00007fffa5c28000 	C:\Windows\SYSTEM32\ntdll.dll
0x00007fffa51e0000 - 0x00007fffa529d000 	C:\Windows\System32\KERNEL32.DLL
0x00007fffa3180000 - 0x00007fffa3476000 	C:\Windows\System32\KERNELBASE.dll
0x00007fffa3570000 - 0x00007fffa3670000 	C:\Windows\System32\ucrtbase.dll
0x00007fff9b7a0000 - 0x00007fff9b7b9000 	D:\Java\Android\Android Studio\jre\bin\jli.dll
0x00007fff8b970000 - 0x00007fff8b987000 	D:\Java\Android\Android Studio\jre\bin\VCRUNTIME140.dll
0x00007fffa4e30000 - 0x00007fffa4fce000 	C:\Windows\System32\USER32.dll
0x00007fffa3a60000 - 0x00007fffa3a82000 	C:\Windows\System32\win32u.dll
0x00007fffa4fd0000 - 0x00007fffa4ffc000 	C:\Windows\System32\GDI32.dll
0x00007fff87c30000 - 0x00007fff87eca000 	C:\Windows\WinSxS\amd64_microsoft.windows.common-controls_6595b64144ccf1df_6.0.19041.1110_none_60b5254171f9507e\COMCTL32.dll
0x00007fffa52a0000 - 0x00007fffa533e000 	C:\Windows\System32\msvcrt.dll
0x00007fffa37e0000 - 0x00007fffa38fa000 	C:\Windows\System32\gdi32full.dll
0x00007fffa34d0000 - 0x00007fffa356d000 	C:\Windows\System32\msvcp_win.dll
0x00007fffa3b60000 - 0x00007fffa3b90000 	C:\Windows\System32\IMM32.DLL
0x00007fff73a50000 - 0x00007fff73aed000 	D:\Java\Android\Android Studio\jre\bin\msvcp140.dll
0x00007fff72830000 - 0x00007fff73332000 	D:\Java\Android\Android Studio\jre\bin\server\jvm.dll
0x00007fffa5000000 - 0x00007fffa50ae000 	C:\Windows\System32\ADVAPI32.dll
0x00007fffa5340000 - 0x00007fffa53dc000 	C:\Windows\System32\sechost.dll
0x00007fffa50b0000 - 0x00007fffa51d6000 	C:\Windows\System32\RPCRT4.dll
0x00007fffa4350000 - 0x00007fffa4358000 	C:\Windows\System32\PSAPI.DLL
0x00007fffa0930000 - 0x00007fffa0939000 	C:\Windows\SYSTEM32\WSOCK32.dll
0x00007fffa4dc0000 - 0x00007fffa4e2b000 	C:\Windows\System32\WS2_32.dll
0x00007fff9e980000 - 0x00007fff9e9a7000 	C:\Windows\SYSTEM32\WINMM.dll
0x00007fff99860000 - 0x00007fff9986a000 	C:\Windows\SYSTEM32\VERSION.dll
0x00007fffa0f40000 - 0x00007fffa0f52000 	C:\Windows\SYSTEM32\kernel.appcore.dll
0x00007fff9bb10000 - 0x00007fff9bb21000 	D:\Java\Android\Android Studio\jre\bin\verify.dll
0x00007fff9e640000 - 0x00007fff9e824000 	C:\Windows\SYSTEM32\DBGHELP.DLL
0x00007fff9e840000 - 0x00007fff9e874000 	C:\Windows\SYSTEM32\dbgcore.DLL
0x00007fffa3750000 - 0x00007fffa37d2000 	C:\Windows\System32\bcryptPrimitives.dll
0x00007fff9b9a0000 - 0x00007fff9b9c9000 	D:\Java\Android\Android Studio\jre\bin\java.dll
0x00007fff9e010000 - 0x00007fff9e01b000 	D:\Java\Android\Android Studio\jre\bin\jimage.dll
0x00007fff9bb00000 - 0x00007fff9bb0f000 	D:\Java\Android\Android Studio\jre\bin\instrument.dll
0x00007fff9b780000 - 0x00007fff9b798000 	D:\Java\Android\Android Studio\jre\bin\zip.dll

dbghelp: loaded successfully - version: 4.0.5 - missing functions: none
symbol engine: initialized successfully - sym options: 0x614 - pdb path: .;D:\Java\Android\Android Studio\jre\bin;C:\Windows\SYSTEM32;C:\Windows\WinSxS\amd64_microsoft.windows.common-controls_6595b64144ccf1df_6.0.19041.1110_none_60b5254171f9507e;D:\Java\Android\Android Studio\jre\bin\server

VM Arguments:
jvm_args: -javaagent:D:\Java\Android\Android Studio\lib\idea_rt.jar=56303:D:\Java\Android\Android Studio\bin -Dfile.encoding=UTF-8 
java_command: com.sy.im.NettyServer
java_class_path (initial): D:\MyDrivers\AndroidSDK\platforms\android-32\android.jar;D:\MyDrivers\AndroidSDK\platforms\android-32\data\res;D:\Java\gd-project\sim-android\im_lib\build\intermediates\javac\debug\classes;D:\Java\gd-project\sim-android\im_lib\build\intermediates\compile_r_class_jar\debug\R.jar;D:\Java\gd-project\sim-android\im_lib\build\generated\res\resValues\debug;D:\Java\apache-maven-3.8.6\repository\caches\modules-2\files-2.1\com.google.protobuf\protobuf-java\3.24.4\a773e5a3845e6baa5c4ede5532c426ebe6c53330\protobuf-java-3.24.4.jar;D:\Java\apache-maven-3.8.6\repository\caches\modules-2\files-2.1\com.alibaba\fastjson\1.2.49\b8f5baf6d1b47ce3f21c1bd77242cc7c95e22fee\fastjson-1.2.49.jar;D:\Java\apache-maven-3.8.6\repository\caches\modules-2\files-2.1\androidx.annotation\annotation\1.3.0\21f49f5f9b85fc49de712539f79123119740595\annotation-1.3.0.jar;D:\Java\apache-maven-3.8.6\repository\caches\modules-2\files-2.1\androidx.lifecycle\lifecycle-common\2.4.0\1fdb7349701e9cf2f0a69fc10642b6fef6bb3e12\lifecycle-common-2.4.0.jar;D:\Java\apache-maven-3.8.6\repository\caches\modules-2\files-2.1\androidx.arch.core\core-common\2.1.0\b3152fc64428c9354344bd89848ecddc09b6f07e\core-common-2.1.0.jar;D:\Java\apache-maven-3.8.6\repository\caches\modules-2\files-2.1\androidx.collection\collection\1.1.0\1f27220b47669781457de0d600849a5de0e89909\collection-1.1.0.jar;D:\Java\apache-maven-3.8.6\repository\caches\modules-2\files-2.1\androidx.constraintlayout\constraintlayout-solver\2.0.1\30988fe2d77f3fe3bf7551bb8a8b795fad7e7226\constraintlayout-solver-2.0.1.jar;D:\Java\gd-project\sim-android\im_lib\libs\netty-tcp-4.1.33-1.0.jar;D:\Java\apache-maven-3.8.6\repository\caches\transforms-3\075df54b68c2199fa8b5e1c6e9b227c1\transformed\appcompat-1.4.1\jars\classes.jar;D:\Java\apache-maven-3.8.6\repository\caches\transforms-3\075df54b68c2199fa8b5e1c6e9b227c1\transformed\appcompat-1.4.1\res;D:\Java\apache-maven-3.8.6\repository\caches\transforms-3\075df54b68c2199fa8b5e1c6e9b227c1\transformed
Launcher Type: SUN_STANDARD

[Global flags]
     intx CICompilerCount                          = 4                                         {product} {ergonomic}
     uint ConcGCThreads                            = 3                                         {product} {ergonomic}
     uint G1ConcRefinementThreads                  = 10                                        {product} {ergonomic}
   size_t G1HeapRegionSize                         = 1048576                                   {product} {ergonomic}
    uintx GCDrainStackTargetSize                   = 64                                        {product} {ergonomic}
   size_t InitialHeapSize                          = 257949696                                 {product} {ergonomic}
   size_t MarkStackSize                            = 4194304                                   {product} {ergonomic}
   size_t MaxHeapSize                              = 4127195136                                {product} {ergonomic}
   size_t MinHeapDeltaBytes                        = 1048576                                   {product} {ergonomic}
    uintx NonNMethodCodeHeapSize                   = 5836300                                {pd product} {ergonomic}
    uintx NonProfiledCodeHeapSize                  = 122910970                              {pd product} {ergonomic}
    uintx ProfiledCodeHeapSize                     = 122910970                              {pd product} {ergonomic}
    uintx ReservedCodeCacheSize                    = 251658240                              {pd product} {ergonomic}
     bool SegmentedCodeCache                       = true                                      {product} {ergonomic}
     bool UseCompressedClassPointers               = true                                 {lp64_product} {ergonomic}
     bool UseCompressedOops                        = true                                 {lp64_product} {ergonomic}
     bool UseG1GC                                  = true                                      {product} {ergonomic}
     bool UseLargePagesIndividualAllocation        = false                                  {pd product} {ergonomic}

Logging:
Log output configuration:
 #0: stdout all=warning uptime,level,tags
 #1: stderr all=off uptime,level,tags

Environment Variables:
JAVA_HOME=D:\Java\jdk\jdk1.8.0_281
CLASSPATH=.;
PATH=D:\VMware\VMware Workstation\bin\;D:\Developer\Python311\Scripts\;D:\Developer\Python311\;C:\Program Files (x86)\Common Files\Oracle\Java\javapath;C:\Program Files\Common Files\Oracle\Java\javapath;C:\Windows\system32;C:\Windows;C:\Windows\System32\Wbem;C:\Windows\System32\WindowsPowerShell\v1.0\;C:\Windows\System32\OpenSSH\;C:\Program Files\Azure Data Studio\bin;C:\Program Files\dotnet\;D:\Java\mysql-connector-java-8.0.29;C:\Program Files\Git\cmd;C:\Program Files\TortoiseGit\bin;D:\Java\jdk\jdk1.8.0_281\bin;C:\Program Files (x86)\Git\cmd;D:\matlab2016a\install\runtime\win64;D:\matlab2016a\install\bin;D:\matlab2016a\install\polyspace\bin;D:\Java\apache-maven-3.8.6\bin;D:\Java\jdk\jdk1.8.0_281\jre\bin;%TOMCAT_HOME%\bin;%TOMCAT_HOME%\lib;D:\Java\gradle-7.6-all\gradle-7.6\bin;D:\Developer\Go\bin;D:\Developer\mingw64\bin;D:\SQL\mysql\mysql-8.0.29-winx64\bin;D:\Developer\nodejs\;C:\ProgramData\chocolatey\bin;D:\Developer\nodejs\node_global;D:\Java\apache-maven-3.8.6\bin;D:\Java\gradle-6.8.1\bin;C:\Users\soyo1\.windows-build-tools\python27\;C:\Users\soyo1\AppData\Local\Programs\Python\Python310\Scripts\;C:\Users\soyo1\AppData\Local\Programs\Python\Python310\;C:\Users\soyo1\AppData\Local\Microsoft\WindowsApps;C:\Program Files\Azure Data Studio\bin;C:\Users\soyo1\.dotnet\tools;D:\VScode\Microsoft VS Code\bin;D:\Developer\nodejs\node_global;C:\Users\soyo1\go\bin;D:\Developer\JetBrains\GoLand 2022.3.2\bin;D:\Developer\mingw64\bin;C:\www\php-8.2.3-Win32-vs16-x64;C:\Users\soyo1\AppData\Roaming\npm;C:\Users\soyo1\.windows-build-tools\python27;D:\Java\jdk\jdk1.8.0_281\bin;D:\Java\jdk\jdk1.8.0_281\jre\bin;D:\Java\protoc-24.4-win64\bin;
USERNAME=soyo1
OS=Windows_NT
PROCESSOR_IDENTIFIER=AMD64 Family 23 Model 96 Stepping 1, AuthenticAMD



---------------  S Y S T E M  ---------------

OS: Windows 10 , 64 bit Build 19041 (10.0.19041.3393)
OS uptime: 4 days 21:35 hours
Hyper-V role detected

CPU:total 12 (initial active 12) (12 cores per cpu, 2 threads per core) family 23 model 96 stepping 1 microcode 0x0, cmov, cx8, fxsr, mmx, sse, sse2, sse3, ssse3, sse4.1, sse4.2, popcnt, avx, avx2, aes, clmul, mmxext, 3dnowpref, lzcnt, sse4a, ht, tsc, tscinvbit, tscinv, bmi1, bmi2, adx, sha, fma

Memory: 4k page, system-wide physical 15741M (1668M free)
TotalPageFile size 19194M (AvailPageFile size 214M)
current process WorkingSet (physical memory assigned to process): 10M, peak: 10M
current process commit charge ("private bytes"): 64M, peak: 310M

vm_info: OpenJDK 64-Bit Server VM (11.0.13+0-b1751.21-8125866) for windows-amd64 JRE (11.0.13+0-b1751.21-8125866), built on Feb  2 2022 03:00:22 by "builder" with MS VC++ 14.0 (VS2015)

END.
