#
# There is insufficient memory for the Java Runtime Environment to continue.
# Native memory allocation (malloc) failed to allocate 1048576 bytes for AllocateHeap
# Possible reasons:
#   The system is out of physical RAM or swap space
#   The process is running with CompressedOops enabled, and the Java Heap may be blocking the growth of the native heap
# Possible solutions:
#   Reduce memory load on the system
#   Increase physical memory or swap space
#   Check if swap backing store is full
#   Decrease Java heap size (-Xmx/-Xms)
#   Decrease number of Java threads
#   Decrease Java thread stack sizes (-Xss)
#   Set larger code cache with -XX:ReservedCodeCacheSize=
#   JVM is running with Zero Based Compressed Oops mode in which the Java heap is
#     placed in the first 32GB address space. The Java Heap base address is the
#     maximum limit for the native heap growth. Please use -XX:HeapBaseMinAddress
#     to set the Java Heap base and to place the Java Heap above 32GB virtual address.
# This output file may be truncated or incomplete.
#
#  Out of Memory Error (./src/hotspot/share/memory/allocation.cpp:46), pid=57664, tid=32796
#
# JRE version: OpenJDK Runtime Environment (11.0.13) (build 11.0.13+0-b1751.21-8125866)
# Java VM: OpenJDK 64-Bit Server VM (11.0.13+0-b1751.21-8125866, mixed mode, tiered, compressed oops, g1 gc, windows-amd64)
# No core dump will be written. Minidumps are not enabled by default on client versions of Windows
#

---------------  S U M M A R Y ------------

Command Line: -javaagent:D:\Java\Android\Android Studio\lib\idea_rt.jar=56260:D:\Java\Android\Android Studio\bin -Dfile.encoding=UTF-8 com.sy.im.client.IMSClientBootstrap

Host: AMD Ryzen 5 4600U with Radeon Graphics         , 12 cores, 15G,  Windows 10 , 64 bit Build 19041 (10.0.19041.3393)
Time: Wed Oct 18 17:41:36 2023 中国标准时间 elapsed time: 0.406535 seconds (0d 0h 0m 0s)

---------------  T H R E A D  ---------------

Current thread (0x000002085f4fd000):  VMThread "VM Thread" [stack: 0x000000daa0100000,0x000000daa0200000] [id=32796]

Stack: [0x000000daa0100000,0x000000daa0200000]
[error occurred during error reporting (printing stack bounds), id 0xc0000005, EXCEPTION_ACCESS_VIOLATION (0xc0000005) at pc=0x000002084402112d]

Native frames: (J=compiled Java code, j=interpreted, Vv=VM code, C=native code)
V  [jvm.dll+0x6100fa]
V  [jvm.dll+0x747090]
V  [jvm.dll+0x7486ad]
V  [jvm.dll+0x748ce5]
V  [jvm.dll+0x748c9b]
V  [jvm.dll+0x60f224]
V  [jvm.dll+0x60f9b8]
C  [ntdll.dll+0xa221f]
C  [ntdll.dll+0x514b4]
C  [ntdll.dll+0xa0d2e]
C  0x000002084402112d

VM_Operation (0x000000da9fbf6270): CollectForMetadataAllocation, mode: safepoint, requested by thread 0x0000020840515000


---------------  P R O C E S S  ---------------

Threads class SMR info:
_java_thread_list=0x000002086023e090, length=12, elements={
0x0000020840515000, 0x000002085f50e800, 0x000002085f50f800, 0x000002085fe19800,
0x000002085fe1b000, 0x000002085fe1c000, 0x000002085fe1f000, 0x000002085fe20800,
0x000002085fe26800, 0x000002085ff98000, 0x000002085ffc5800, 0x00000208600e9000
}

Java Threads: ( => current thread )
  0x0000020840515000 JavaThread "main" [_thread_blocked, id=52732, stack(0x000000da9fb00000,0x000000da9fc00000)]
  0x000002085f50e800 JavaThread "Reference Handler" daemon [_thread_blocked, id=47712, stack(0x000000daa0200000,0x000000daa0300000)]
  0x000002085f50f800 JavaThread "Finalizer" daemon [_thread_blocked, id=24836, stack(0x000000daa0300000,0x000000daa0400000)]
  0x000002085fe19800 JavaThread "Signal Dispatcher" daemon [_thread_blocked, id=47920, stack(0x000000daa0400000,0x000000daa0500000)]
  0x000002085fe1b000 JavaThread "Attach Listener" daemon [_thread_blocked, id=19924, stack(0x000000daa0500000,0x000000daa0600000)]
  0x000002085fe1c000 JavaThread "Service Thread" daemon [_thread_blocked, id=36056, stack(0x000000daa0600000,0x000000daa0700000)]
  0x000002085fe1f000 JavaThread "C2 CompilerThread0" daemon [_thread_blocked, id=46236, stack(0x000000daa0700000,0x000000daa0800000)]
  0x000002085fe20800 JavaThread "C1 CompilerThread0" daemon [_thread_blocked, id=38212, stack(0x000000daa0800000,0x000000daa0900000)]
  0x000002085fe26800 JavaThread "Sweeper thread" daemon [_thread_blocked, id=52416, stack(0x000000daa0900000,0x000000daa0a00000)]
  0x000002085ff98000 JavaThread "Common-Cleaner" daemon [_thread_blocked, id=58620, stack(0x000000daa0a00000,0x000000daa0b00000)]
  0x000002085ffc5800 JavaThread "C2 CompilerThread1" daemon [_thread_blocked, id=57956, stack(0x000000daa0b00000,0x000000daa0c00000)]
  0x00000208600e9000 JavaThread "Monitor Ctrl-Break" daemon [_thread_in_native, id=57004, stack(0x000000daa0c00000,0x000000daa0d00000)]

Other Threads:
=>0x000002085f4fd000 VMThread "VM Thread" [stack: 0x000000daa0100000,0x000000daa0200000] [id=32796]
  0x000002086017c000 WatcherThread [stack: 0x000000daa0d00000,0x000000daa0e00000] [id=48276]
  0x000002084052c800 GCTaskThread "GC Thread#0" [stack: 0x000000da9fc00000,0x000000da9fd00000] [id=24940]
  0x0000020860334000 GCTaskThread "GC Thread#1" [stack: 0x000000daa1000000,0x000000daa1100000] [id=43308]
  0x0000020860334800 GCTaskThread "GC Thread#2" [stack: 0x000000daa1100000,0x000000daa1200000] [id=49112]
  0x0000020860335800 GCTaskThread "GC Thread#3" [stack: 0x000000daa1200000,0x000000daa1300000] [id=53572]
  0x0000020860336000 GCTaskThread "GC Thread#4" [stack: 0x000000daa1300000,0x000000daa1400000] [id=48948]
  0x0000020840587000 ConcurrentGCThread "G1 Main Marker" [stack: 0x000000da9fd00000,0x000000da9fe00000] [id=53236]
  0x000002084058a800 ConcurrentGCThread "G1 Conc#0" [stack: 0x000000da9fe00000,0x000000da9ff00000] [id=17900]
  0x00000208600e6000 ConcurrentGCThread "G1 Conc#1" [stack: 0x000000daa0e00000,0x000000daa0f00000] [id=46924]
  0x000002086032e000 ConcurrentGCThread "G1 Conc#2" [stack: 0x000000daa0f00000,0x000000daa1000000] [id=51280]
  0x000002085f3e3800 ConcurrentGCThread "G1 Refine#0" [stack: 0x000000da9ff00000,0x000000daa0000000] [id=36312]
  0x000002085f3e4800 ConcurrentGCThread "G1 Young RemSet Sampling" [stack: 0x000000daa0000000,0x000000daa0100000] [id=38728]

Threads with active compile tasks:

VM state:at safepoint (normal execution)

VM Mutex/Monitor currently owned by a thread:  ([mutex/lock_event])
[0x0000020840512850] Threads_lock - owner thread: 0x000002085f4fd000
[0x00000208405114a0] Heap_lock - owner thread: 0x0000020840515000

Heap address: 0x000000070a000000, size: 3936 MB, Compressed Oops mode: Zero based, Oop shift amount: 3
Narrow klass base: 0x0000000800000000, Narrow klass shift: 0
Compressed class space size: 1073741824 Address: 0x0000000800000000

Heap:
 garbage-first heap   total 251904K, used 4240K [0x000000070a000000, 0x0000000800000000)
  region size 1024K, 3 young (3072K), 3 survivors (3072K)
 Metaspace       used 7468K, capacity 7582K, committed 7680K, reserved 1064960K
  class space    used 661K, capacity 718K, committed 768K, reserved 1048576K
Heap Regions: E=young(eden), S=young(survivor), O=old, HS=humongous(starts), HC=humongous(continues), CS=collection set, F=free, A=archive, TAMS=top-at-mark-start (previous, next)
|   0|0x000000070a000000, 0x000000070a100000, 0x000000070a100000|100%|HS|  |TAMS 0x000000070a000000, 0x000000070a100000| Complete 
|   1|0x000000070a100000, 0x000000070a200000, 0x000000070a200000|100%|HC|  |TAMS 0x000000070a100000, 0x000000070a200000| Complete 
|   2|0x000000070a200000, 0x000000070a200000, 0x000000070a300000|  0%| F|  |TAMS 0x000000070a200000, 0x000000070a200000| Untracked 
|   3|0x000000070a300000, 0x000000070a300000, 0x000000070a400000|  0%| F|  |TAMS 0x000000070a300000, 0x000000070a300000| Untracked 
|   4|0x000000070a400000, 0x000000070a400000, 0x000000070a500000|  0%| F|  |TAMS 0x000000070a400000, 0x000000070a400000| Untracked 
|   5|0x000000070a500000, 0x000000070a500000, 0x000000070a600000|  0%| F|  |TAMS 0x000000070a500000, 0x000000070a500000| Untracked 
|   6|0x000000070a600000, 0x000000070a600000, 0x000000070a700000|  0%| F|  |TAMS 0x000000070a600000, 0x000000070a600000| Untracked 
|   7|0x000000070a700000, 0x000000070a700000, 0x000000070a800000|  0%| F|  |TAMS 0x000000070a700000, 0x000000070a700000| Untracked 
|   8|0x000000070a800000, 0x000000070a800000, 0x000000070a900000|  0%| F|  |TAMS 0x000000070a800000, 0x000000070a800000| Untracked 
|   9|0x000000070a900000, 0x000000070a900000, 0x000000070aa00000|  0%| F|  |TAMS 0x000000070a900000, 0x000000070a900000| Untracked 
|  10|0x000000070aa00000, 0x000000070aa00000, 0x000000070ab00000|  0%| F|  |TAMS 0x000000070aa00000, 0x000000070aa00000| Untracked 
|  11|0x000000070ab00000, 0x000000070ab00000, 0x000000070ac00000|  0%| F|  |TAMS 0x000000070ab00000, 0x000000070ab00000| Untracked 
|  12|0x000000070ac00000, 0x000000070ac00000, 0x000000070ad00000|  0%| F|  |TAMS 0x000000070ac00000, 0x000000070ac00000| Untracked 
|  13|0x000000070ad00000, 0x000000070ad00000, 0x000000070ae00000|  0%| F|  |TAMS 0x000000070ad00000, 0x000000070ad00000| Untracked 
|  14|0x000000070ae00000, 0x000000070ae00000, 0x000000070af00000|  0%| F|  |TAMS 0x000000070ae00000, 0x000000070ae00000| Untracked 
|  15|0x000000070af00000, 0x000000070af00000, 0x000000070b000000|  0%| F|  |TAMS 0x000000070af00000, 0x000000070af00000| Untracked 
|  16|0x000000070b000000, 0x000000070b000000, 0x000000070b100000|  0%| F|  |TAMS 0x000000070b000000, 0x000000070b000000| Untracked 
|  17|0x000000070b100000, 0x000000070b100000, 0x000000070b200000|  0%| F|  |TAMS 0x000000070b100000, 0x000000070b100000| Untracked 
|  18|0x000000070b200000, 0x000000070b200000, 0x000000070b300000|  0%| F|  |TAMS 0x000000070b200000, 0x000000070b200000| Untracked 
|  19|0x000000070b300000, 0x000000070b300000, 0x000000070b400000|  0%| F|  |TAMS 0x000000070b300000, 0x000000070b300000| Untracked 
|  20|0x000000070b400000, 0x000000070b400000, 0x000000070b500000|  0%| F|  |TAMS 0x000000070b400000, 0x000000070b400000| Untracked 
|  21|0x000000070b500000, 0x000000070b500000, 0x000000070b600000|  0%| F|  |TAMS 0x000000070b500000, 0x000000070b500000| Untracked 
|  22|0x000000070b600000, 0x000000070b600000, 0x000000070b700000|  0%| F|  |TAMS 0x000000070b600000, 0x000000070b600000| Untracked 
|  23|0x000000070b700000, 0x000000070b700000, 0x000000070b800000|  0%| F|  |TAMS 0x000000070b700000, 0x000000070b700000| Untracked 
|  24|0x000000070b800000, 0x000000070b800000, 0x000000070b900000|  0%| F|  |TAMS 0x000000070b800000, 0x000000070b800000| Untracked 
|  25|0x000000070b900000, 0x000000070b900000, 0x000000070ba00000|  0%| F|  |TAMS 0x000000070b900000, 0x000000070b900000| Untracked 
|  26|0x000000070ba00000, 0x000000070ba00000, 0x000000070bb00000|  0%| F|  |TAMS 0x000000070ba00000, 0x000000070ba00000| Untracked 
|  27|0x000000070bb00000, 0x000000070bb00000, 0x000000070bc00000|  0%| F|  |TAMS 0x000000070bb00000, 0x000000070bb00000| Untracked 
|  28|0x000000070bc00000, 0x000000070bc00000, 0x000000070bd00000|  0%| F|  |TAMS 0x000000070bc00000, 0x000000070bc00000| Untracked 
|  29|0x000000070bd00000, 0x000000070bd00000, 0x000000070be00000|  0%| F|  |TAMS 0x000000070bd00000, 0x000000070bd00000| Untracked 
|  30|0x000000070be00000, 0x000000070be00000, 0x000000070bf00000|  0%| F|  |TAMS 0x000000070be00000, 0x000000070be00000| Untracked 
|  31|0x000000070bf00000, 0x000000070bf00000, 0x000000070c000000|  0%| F|  |TAMS 0x000000070bf00000, 0x000000070bf00000| Untracked 
|  32|0x000000070c000000, 0x000000070c000000, 0x000000070c100000|  0%| F|  |TAMS 0x000000070c000000, 0x000000070c000000| Untracked 
|  33|0x000000070c100000, 0x000000070c100000, 0x000000070c200000|  0%| F|  |TAMS 0x000000070c100000, 0x000000070c100000| Untracked 
|  34|0x000000070c200000, 0x000000070c200000, 0x000000070c300000|  0%| F|  |TAMS 0x000000070c200000, 0x000000070c200000| Untracked 
|  35|0x000000070c300000, 0x000000070c300000, 0x000000070c400000|  0%| F|  |TAMS 0x000000070c300000, 0x000000070c300000| Untracked 
|  36|0x000000070c400000, 0x000000070c400000, 0x000000070c500000|  0%| F|  |TAMS 0x000000070c400000, 0x000000070c400000| Untracked 
|  37|0x000000070c500000, 0x000000070c500000, 0x000000070c600000|  0%| F|  |TAMS 0x000000070c500000, 0x000000070c500000| Untracked 
|  38|0x000000070c600000, 0x000000070c600000, 0x000000070c700000|  0%| F|  |TAMS 0x000000070c600000, 0x000000070c600000| Untracked 
|  39|0x000000070c700000, 0x000000070c700000, 0x000000070c800000|  0%| F|  |TAMS 0x000000070c700000, 0x000000070c700000| Untracked 
|  40|0x000000070c800000, 0x000000070c800000, 0x000000070c900000|  0%| F|  |TAMS 0x000000070c800000, 0x000000070c800000| Untracked 
|  41|0x000000070c900000, 0x000000070c900000, 0x000000070ca00000|  0%| F|  |TAMS 0x000000070c900000, 0x000000070c900000| Untracked 
|  42|0x000000070ca00000, 0x000000070ca00000, 0x000000070cb00000|  0%| F|  |TAMS 0x000000070ca00000, 0x000000070ca00000| Untracked 
|  43|0x000000070cb00000, 0x000000070cb00000, 0x000000070cc00000|  0%| F|  |TAMS 0x000000070cb00000, 0x000000070cb00000| Untracked 
|  44|0x000000070cc00000, 0x000000070cc00000, 0x000000070cd00000|  0%| F|  |TAMS 0x000000070cc00000, 0x000000070cc00000| Untracked 
|  45|0x000000070cd00000, 0x000000070cd00000, 0x000000070ce00000|  0%| F|  |TAMS 0x000000070cd00000, 0x000000070cd00000| Untracked 
|  46|0x000000070ce00000, 0x000000070ce00000, 0x000000070cf00000|  0%| F|  |TAMS 0x000000070ce00000, 0x000000070ce00000| Untracked 
|  47|0x000000070cf00000, 0x000000070cf00000, 0x000000070d000000|  0%| F|  |TAMS 0x000000070cf00000, 0x000000070cf00000| Untracked 
|  48|0x000000070d000000, 0x000000070d000000, 0x000000070d100000|  0%| F|  |TAMS 0x000000070d000000, 0x000000070d000000| Untracked 
|  49|0x000000070d100000, 0x000000070d100000, 0x000000070d200000|  0%| F|  |TAMS 0x000000070d100000, 0x000000070d100000| Untracked 
|  50|0x000000070d200000, 0x000000070d200000, 0x000000070d300000|  0%| F|  |TAMS 0x000000070d200000, 0x000000070d200000| Untracked 
|  51|0x000000070d300000, 0x000000070d300000, 0x000000070d400000|  0%| F|  |TAMS 0x000000070d300000, 0x000000070d300000| Untracked 
|  52|0x000000070d400000, 0x000000070d400000, 0x000000070d500000|  0%| F|  |TAMS 0x000000070d400000, 0x000000070d400000| Untracked 
|  53|0x000000070d500000, 0x000000070d500000, 0x000000070d600000|  0%| F|  |TAMS 0x000000070d500000, 0x000000070d500000| Untracked 
|  54|0x000000070d600000, 0x000000070d600000, 0x000000070d700000|  0%| F|  |TAMS 0x000000070d600000, 0x000000070d600000| Untracked 
|  55|0x000000070d700000, 0x000000070d700000, 0x000000070d800000|  0%| F|  |TAMS 0x000000070d700000, 0x000000070d700000| Untracked 
|  56|0x000000070d800000, 0x000000070d800000, 0x000000070d900000|  0%| F|  |TAMS 0x000000070d800000, 0x000000070d800000| Untracked 
|  57|0x000000070d900000, 0x000000070d900000, 0x000000070da00000|  0%| F|  |TAMS 0x000000070d900000, 0x000000070d900000| Untracked 
|  58|0x000000070da00000, 0x000000070da00000, 0x000000070db00000|  0%| F|  |TAMS 0x000000070da00000, 0x000000070da00000| Untracked 
|  59|0x000000070db00000, 0x000000070db00000, 0x000000070dc00000|  0%| F|  |TAMS 0x000000070db00000, 0x000000070db00000| Untracked 
|  60|0x000000070dc00000, 0x000000070dc00000, 0x000000070dd00000|  0%| F|  |TAMS 0x000000070dc00000, 0x000000070dc00000| Untracked 
|  61|0x000000070dd00000, 0x000000070dd00000, 0x000000070de00000|  0%| F|  |TAMS 0x000000070dd00000, 0x000000070dd00000| Untracked 
|  62|0x000000070de00000, 0x000000070de00000, 0x000000070df00000|  0%| F|  |TAMS 0x000000070de00000, 0x000000070de00000| Untracked 
|  63|0x000000070df00000, 0x000000070df00000, 0x000000070e000000|  0%| F|  |TAMS 0x000000070df00000, 0x000000070df00000| Untracked 
|  64|0x000000070e000000, 0x000000070e000000, 0x000000070e100000|  0%| F|  |TAMS 0x000000070e000000, 0x000000070e000000| Untracked 
|  65|0x000000070e100000, 0x000000070e100000, 0x000000070e200000|  0%| F|  |TAMS 0x000000070e100000, 0x000000070e100000| Untracked 
|  66|0x000000070e200000, 0x000000070e200000, 0x000000070e300000|  0%| F|  |TAMS 0x000000070e200000, 0x000000070e200000| Untracked 
|  67|0x000000070e300000, 0x000000070e300000, 0x000000070e400000|  0%| F|  |TAMS 0x000000070e300000, 0x000000070e300000| Untracked 
|  68|0x000000070e400000, 0x000000070e400000, 0x000000070e500000|  0%| F|  |TAMS 0x000000070e400000, 0x000000070e400000| Untracked 
|  69|0x000000070e500000, 0x000000070e500000, 0x000000070e600000|  0%| F|  |TAMS 0x000000070e500000, 0x000000070e500000| Untracked 
|  70|0x000000070e600000, 0x000000070e600000, 0x000000070e700000|  0%| F|  |TAMS 0x000000070e600000, 0x000000070e600000| Untracked 
|  71|0x000000070e700000, 0x000000070e700000, 0x000000070e800000|  0%| F|  |TAMS 0x000000070e700000, 0x000000070e700000| Untracked 
|  72|0x000000070e800000, 0x000000070e800000, 0x000000070e900000|  0%| F|  |TAMS 0x000000070e800000, 0x000000070e800000| Untracked 
|  73|0x000000070e900000, 0x000000070e900000, 0x000000070ea00000|  0%| F|  |TAMS 0x000000070e900000, 0x000000070e900000| Untracked 
|  74|0x000000070ea00000, 0x000000070ea00000, 0x000000070eb00000|  0%| F|  |TAMS 0x000000070ea00000, 0x000000070ea00000| Untracked 
|  75|0x000000070eb00000, 0x000000070eb00000, 0x000000070ec00000|  0%| F|  |TAMS 0x000000070eb00000, 0x000000070eb00000| Untracked 
|  76|0x000000070ec00000, 0x000000070ec00000, 0x000000070ed00000|  0%| F|  |TAMS 0x000000070ec00000, 0x000000070ec00000| Untracked 
|  77|0x000000070ed00000, 0x000000070ed00000, 0x000000070ee00000|  0%| F|  |TAMS 0x000000070ed00000, 0x000000070ed00000| Untracked 
|  78|0x000000070ee00000, 0x000000070ee00000, 0x000000070ef00000|  0%| F|  |TAMS 0x000000070ee00000, 0x000000070ee00000| Untracked 
|  79|0x000000070ef00000, 0x000000070ef00000, 0x000000070f000000|  0%| F|  |TAMS 0x000000070ef00000, 0x000000070ef00000| Untracked 
|  80|0x000000070f000000, 0x000000070f000000, 0x000000070f100000|  0%| F|  |TAMS 0x000000070f000000, 0x000000070f000000| Untracked 
|  81|0x000000070f100000, 0x000000070f100000, 0x000000070f200000|  0%| F|  |TAMS 0x000000070f100000, 0x000000070f100000| Untracked 
|  82|0x000000070f200000, 0x000000070f200000, 0x000000070f300000|  0%| F|  |TAMS 0x000000070f200000, 0x000000070f200000| Untracked 
|  83|0x000000070f300000, 0x000000070f300000, 0x000000070f400000|  0%| F|  |TAMS 0x000000070f300000, 0x000000070f300000| Untracked 
|  84|0x000000070f400000, 0x000000070f400000, 0x000000070f500000|  0%| F|  |TAMS 0x000000070f400000, 0x000000070f400000| Untracked 
|  85|0x000000070f500000, 0x000000070f500000, 0x000000070f600000|  0%| F|  |TAMS 0x000000070f500000, 0x000000070f500000| Untracked 
|  86|0x000000070f600000, 0x000000070f600000, 0x000000070f700000|  0%| F|  |TAMS 0x000000070f600000, 0x000000070f600000| Untracked 
|  87|0x000000070f700000, 0x000000070f700000, 0x000000070f800000|  0%| F|  |TAMS 0x000000070f700000, 0x000000070f700000| Untracked 
|  88|0x000000070f800000, 0x000000070f800000, 0x000000070f900000|  0%| F|  |TAMS 0x000000070f800000, 0x000000070f800000| Untracked 
|  89|0x000000070f900000, 0x000000070f900000, 0x000000070fa00000|  0%| F|  |TAMS 0x000000070f900000, 0x000000070f900000| Untracked 
|  90|0x000000070fa00000, 0x000000070fa00000, 0x000000070fb00000|  0%| F|  |TAMS 0x000000070fa00000, 0x000000070fa00000| Untracked 
|  91|0x000000070fb00000, 0x000000070fb00000, 0x000000070fc00000|  0%| F|  |TAMS 0x000000070fb00000, 0x000000070fb00000| Untracked 
|  92|0x000000070fc00000, 0x000000070fc00000, 0x000000070fd00000|  0%| F|  |TAMS 0x000000070fc00000, 0x000000070fc00000| Untracked 
|  93|0x000000070fd00000, 0x000000070fd00000, 0x000000070fe00000|  0%| F|  |TAMS 0x000000070fd00000, 0x000000070fd00000| Untracked 
|  94|0x000000070fe00000, 0x000000070fe00000, 0x000000070ff00000|  0%| F|  |TAMS 0x000000070fe00000, 0x000000070fe00000| Untracked 
|  95|0x000000070ff00000, 0x000000070ff00000, 0x0000000710000000|  0%| F|  |TAMS 0x000000070ff00000, 0x000000070ff00000| Untracked 
|  96|0x0000000710000000, 0x0000000710000000, 0x0000000710100000|  0%| F|  |TAMS 0x0000000710000000, 0x0000000710000000| Untracked 
|  97|0x0000000710100000, 0x0000000710100000, 0x0000000710200000|  0%| F|  |TAMS 0x0000000710100000, 0x0000000710100000| Untracked 
|  98|0x0000000710200000, 0x0000000710200000, 0x0000000710300000|  0%| F|  |TAMS 0x0000000710200000, 0x0000000710200000| Untracked 
|  99|0x0000000710300000, 0x0000000710300000, 0x0000000710400000|  0%| F|  |TAMS 0x0000000710300000, 0x0000000710300000| Untracked 
| 100|0x0000000710400000, 0x0000000710400000, 0x0000000710500000|  0%| F|  |TAMS 0x0000000710400000, 0x0000000710400000| Untracked 
| 101|0x0000000710500000, 0x0000000710500000, 0x0000000710600000|  0%| F|  |TAMS 0x0000000710500000, 0x0000000710500000| Untracked 
| 102|0x0000000710600000, 0x0000000710600000, 0x0000000710700000|  0%| F|  |TAMS 0x0000000710600000, 0x0000000710600000| Untracked 
| 103|0x0000000710700000, 0x0000000710700000, 0x0000000710800000|  0%| F|  |TAMS 0x0000000710700000, 0x0000000710700000| Untracked 
| 104|0x0000000710800000, 0x0000000710800000, 0x0000000710900000|  0%| F|  |TAMS 0x0000000710800000, 0x0000000710800000| Untracked 
| 105|0x0000000710900000, 0x0000000710900000, 0x0000000710a00000|  0%| F|  |TAMS 0x0000000710900000, 0x0000000710900000| Untracked 
| 106|0x0000000710a00000, 0x0000000710a00000, 0x0000000710b00000|  0%| F|  |TAMS 0x0000000710a00000, 0x0000000710a00000| Untracked 
| 107|0x0000000710b00000, 0x0000000710b00000, 0x0000000710c00000|  0%| F|  |TAMS 0x0000000710b00000, 0x0000000710b00000| Untracked 
| 108|0x0000000710c00000, 0x0000000710c00000, 0x0000000710d00000|  0%| F|  |TAMS 0x0000000710c00000, 0x0000000710c00000| Untracked 
| 109|0x0000000710d00000, 0x0000000710d00000, 0x0000000710e00000|  0%| F|  |TAMS 0x0000000710d00000, 0x0000000710d00000| Untracked 
| 110|0x0000000710e00000, 0x0000000710e00000, 0x0000000710f00000|  0%| F|  |TAMS 0x0000000710e00000, 0x0000000710e00000| Untracked 
| 111|0x0000000710f00000, 0x0000000710f00000, 0x0000000711000000|  0%| F|  |TAMS 0x0000000710f00000, 0x0000000710f00000| Untracked 
| 112|0x0000000711000000, 0x0000000711000000, 0x0000000711100000|  0%| F|  |TAMS 0x0000000711000000, 0x0000000711000000| Untracked 
| 113|0x0000000711100000, 0x0000000711100000, 0x0000000711200000|  0%| F|  |TAMS 0x0000000711100000, 0x0000000711100000| Untracked 
| 114|0x0000000711200000, 0x0000000711200000, 0x0000000711300000|  0%| F|  |TAMS 0x0000000711200000, 0x0000000711200000| Untracked 
| 115|0x0000000711300000, 0x0000000711300000, 0x0000000711400000|  0%| F|  |TAMS 0x0000000711300000, 0x0000000711300000| Untracked 
| 116|0x0000000711400000, 0x0000000711400000, 0x0000000711500000|  0%| F|  |TAMS 0x0000000711400000, 0x0000000711400000| Untracked 
| 117|0x0000000711500000, 0x0000000711500000, 0x0000000711600000|  0%| F|  |TAMS 0x0000000711500000, 0x0000000711500000| Untracked 
| 118|0x0000000711600000, 0x0000000711600000, 0x0000000711700000|  0%| F|  |TAMS 0x0000000711600000, 0x0000000711600000| Untracked 
| 119|0x0000000711700000, 0x0000000711700000, 0x0000000711800000|  0%| F|  |TAMS 0x0000000711700000, 0x0000000711700000| Untracked 
| 120|0x0000000711800000, 0x0000000711800000, 0x0000000711900000|  0%| F|  |TAMS 0x0000000711800000, 0x0000000711800000| Untracked 
| 121|0x0000000711900000, 0x0000000711900000, 0x0000000711a00000|  0%| F|  |TAMS 0x0000000711900000, 0x0000000711900000| Untracked 
| 122|0x0000000711a00000, 0x0000000711a00000, 0x0000000711b00000|  0%| F|  |TAMS 0x0000000711a00000, 0x0000000711a00000| Untracked 
| 123|0x0000000711b00000, 0x0000000711b00000, 0x0000000711c00000|  0%| F|  |TAMS 0x0000000711b00000, 0x0000000711b00000| Untracked 
| 124|0x0000000711c00000, 0x0000000711c00000, 0x0000000711d00000|  0%| F|  |TAMS 0x0000000711c00000, 0x0000000711c00000| Untracked 
| 125|0x0000000711d00000, 0x0000000711d00000, 0x0000000711e00000|  0%| F|  |TAMS 0x0000000711d00000, 0x0000000711d00000| Untracked 
| 126|0x0000000711e00000, 0x0000000711e00000, 0x0000000711f00000|  0%| F|  |TAMS 0x0000000711e00000, 0x0000000711e00000| Untracked 
| 127|0x0000000711f00000, 0x0000000711f00000, 0x0000000712000000|  0%| F|  |TAMS 0x0000000711f00000, 0x0000000711f00000| Untracked 
| 128|0x0000000712000000, 0x0000000712000000, 0x0000000712100000|  0%| F|  |TAMS 0x0000000712000000, 0x0000000712000000| Untracked 
| 129|0x0000000712100000, 0x0000000712100000, 0x0000000712200000|  0%| F|  |TAMS 0x0000000712100000, 0x0000000712100000| Untracked 
| 130|0x0000000712200000, 0x0000000712200000, 0x0000000712300000|  0%| F|  |TAMS 0x0000000712200000, 0x0000000712200000| Untracked 
| 131|0x0000000712300000, 0x0000000712300000, 0x0000000712400000|  0%| F|  |TAMS 0x0000000712300000, 0x0000000712300000| Untracked 
| 132|0x0000000712400000, 0x0000000712400000, 0x0000000712500000|  0%| F|  |TAMS 0x0000000712400000, 0x0000000712400000| Untracked 
| 133|0x0000000712500000, 0x0000000712500000, 0x0000000712600000|  0%| F|  |TAMS 0x0000000712500000, 0x0000000712500000| Untracked 
| 134|0x0000000712600000, 0x0000000712600000, 0x0000000712700000|  0%| F|  |TAMS 0x0000000712600000, 0x0000000712600000| Untracked 
| 135|0x0000000712700000, 0x0000000712700000, 0x0000000712800000|  0%| F|  |TAMS 0x0000000712700000, 0x0000000712700000| Untracked 
| 136|0x0000000712800000, 0x0000000712800000, 0x0000000712900000|  0%| F|  |TAMS 0x0000000712800000, 0x0000000712800000| Untracked 
| 137|0x0000000712900000, 0x0000000712900000, 0x0000000712a00000|  0%| F|  |TAMS 0x0000000712900000, 0x0000000712900000| Untracked 
| 138|0x0000000712a00000, 0x0000000712a00000, 0x0000000712b00000|  0%| F|  |TAMS 0x0000000712a00000, 0x0000000712a00000| Untracked 
| 139|0x0000000712b00000, 0x0000000712b00000, 0x0000000712c00000|  0%| F|  |TAMS 0x0000000712b00000, 0x0000000712b00000| Untracked 
| 140|0x0000000712c00000, 0x0000000712c00000, 0x0000000712d00000|  0%| F|  |TAMS 0x0000000712c00000, 0x0000000712c00000| Untracked 
| 141|0x0000000712d00000, 0x0000000712d00000, 0x0000000712e00000|  0%| F|  |TAMS 0x0000000712d00000, 0x0000000712d00000| Untracked 
| 142|0x0000000712e00000, 0x0000000712e00000, 0x0000000712f00000|  0%| F|  |TAMS 0x0000000712e00000, 0x0000000712e00000| Untracked 
| 143|0x0000000712f00000, 0x0000000712f00000, 0x0000000713000000|  0%| F|  |TAMS 0x0000000712f00000, 0x0000000712f00000| Untracked 
| 144|0x0000000713000000, 0x0000000713000000, 0x0000000713100000|  0%| F|  |TAMS 0x0000000713000000, 0x0000000713000000| Untracked 
| 145|0x0000000713100000, 0x0000000713100000, 0x0000000713200000|  0%| F|  |TAMS 0x0000000713100000, 0x0000000713100000| Untracked 
| 146|0x0000000713200000, 0x0000000713200000, 0x0000000713300000|  0%| F|  |TAMS 0x0000000713200000, 0x0000000713200000| Untracked 
| 147|0x0000000713300000, 0x0000000713300000, 0x0000000713400000|  0%| F|  |TAMS 0x0000000713300000, 0x0000000713300000| Untracked 
| 148|0x0000000713400000, 0x0000000713400000, 0x0000000713500000|  0%| F|  |TAMS 0x0000000713400000, 0x0000000713400000| Untracked 
| 149|0x0000000713500000, 0x0000000713500000, 0x0000000713600000|  0%| F|  |TAMS 0x0000000713500000, 0x0000000713500000| Untracked 
| 150|0x0000000713600000, 0x0000000713600000, 0x0000000713700000|  0%| F|  |TAMS 0x0000000713600000, 0x0000000713600000| Untracked 
| 151|0x0000000713700000, 0x0000000713700000, 0x0000000713800000|  0%| F|  |TAMS 0x0000000713700000, 0x0000000713700000| Untracked 
| 152|0x0000000713800000, 0x0000000713800000, 0x0000000713900000|  0%| F|  |TAMS 0x0000000713800000, 0x0000000713800000| Untracked 
| 153|0x0000000713900000, 0x0000000713900000, 0x0000000713a00000|  0%| F|  |TAMS 0x0000000713900000, 0x0000000713900000| Untracked 
| 154|0x0000000713a00000, 0x0000000713a00000, 0x0000000713b00000|  0%| F|  |TAMS 0x0000000713a00000, 0x0000000713a00000| Untracked 
| 155|0x0000000713b00000, 0x0000000713b00000, 0x0000000713c00000|  0%| F|  |TAMS 0x0000000713b00000, 0x0000000713b00000| Untracked 
| 156|0x0000000713c00000, 0x0000000713c00000, 0x0000000713d00000|  0%| F|  |TAMS 0x0000000713c00000, 0x0000000713c00000| Untracked 
| 157|0x0000000713d00000, 0x0000000713d00000, 0x0000000713e00000|  0%| F|  |TAMS 0x0000000713d00000, 0x0000000713d00000| Untracked 
| 158|0x0000000713e00000, 0x0000000713e00000, 0x0000000713f00000|  0%| F|  |TAMS 0x0000000713e00000, 0x0000000713e00000| Untracked 
| 159|0x0000000713f00000, 0x0000000713f00000, 0x0000000714000000|  0%| F|  |TAMS 0x0000000713f00000, 0x0000000713f00000| Untracked 
| 160|0x0000000714000000, 0x0000000714000000, 0x0000000714100000|  0%| F|  |TAMS 0x0000000714000000, 0x0000000714000000| Untracked 
| 161|0x0000000714100000, 0x0000000714100000, 0x0000000714200000|  0%| F|  |TAMS 0x0000000714100000, 0x0000000714100000| Untracked 
| 162|0x0000000714200000, 0x0000000714200000, 0x0000000714300000|  0%| F|  |TAMS 0x0000000714200000, 0x0000000714200000| Untracked 
| 163|0x0000000714300000, 0x0000000714300000, 0x0000000714400000|  0%| F|  |TAMS 0x0000000714300000, 0x0000000714300000| Untracked 
| 164|0x0000000714400000, 0x0000000714400000, 0x0000000714500000|  0%| F|  |TAMS 0x0000000714400000, 0x0000000714400000| Untracked 
| 165|0x0000000714500000, 0x0000000714500000, 0x0000000714600000|  0%| F|  |TAMS 0x0000000714500000, 0x0000000714500000| Untracked 
| 166|0x0000000714600000, 0x0000000714600000, 0x0000000714700000|  0%| F|  |TAMS 0x0000000714600000, 0x0000000714600000| Untracked 
| 167|0x0000000714700000, 0x0000000714700000, 0x0000000714800000|  0%| F|  |TAMS 0x0000000714700000, 0x0000000714700000| Untracked 
| 168|0x0000000714800000, 0x0000000714800000, 0x0000000714900000|  0%| F|  |TAMS 0x0000000714800000, 0x0000000714800000| Untracked 
| 169|0x0000000714900000, 0x0000000714900000, 0x0000000714a00000|  0%| F|  |TAMS 0x0000000714900000, 0x0000000714900000| Untracked 
| 170|0x0000000714a00000, 0x0000000714a00000, 0x0000000714b00000|  0%| F|  |TAMS 0x0000000714a00000, 0x0000000714a00000| Untracked 
| 171|0x0000000714b00000, 0x0000000714b00000, 0x0000000714c00000|  0%| F|  |TAMS 0x0000000714b00000, 0x0000000714b00000| Untracked 
| 172|0x0000000714c00000, 0x0000000714c00000, 0x0000000714d00000|  0%| F|  |TAMS 0x0000000714c00000, 0x0000000714c00000| Untracked 
| 173|0x0000000714d00000, 0x0000000714d00000, 0x0000000714e00000|  0%| F|  |TAMS 0x0000000714d00000, 0x0000000714d00000| Untracked 
| 174|0x0000000714e00000, 0x0000000714e00000, 0x0000000714f00000|  0%| F|  |TAMS 0x0000000714e00000, 0x0000000714e00000| Untracked 
| 175|0x0000000714f00000, 0x0000000714f00000, 0x0000000715000000|  0%| F|  |TAMS 0x0000000714f00000, 0x0000000714f00000| Untracked 
| 176|0x0000000715000000, 0x0000000715000000, 0x0000000715100000|  0%| F|  |TAMS 0x0000000715000000, 0x0000000715000000| Untracked 
| 177|0x0000000715100000, 0x0000000715100000, 0x0000000715200000|  0%| F|  |TAMS 0x0000000715100000, 0x0000000715100000| Untracked 
| 178|0x0000000715200000, 0x0000000715200000, 0x0000000715300000|  0%| F|  |TAMS 0x0000000715200000, 0x0000000715200000| Untracked 
| 179|0x0000000715300000, 0x0000000715300000, 0x0000000715400000|  0%| F|  |TAMS 0x0000000715300000, 0x0000000715300000| Untracked 
| 180|0x0000000715400000, 0x0000000715400000, 0x0000000715500000|  0%| F|  |TAMS 0x0000000715400000, 0x0000000715400000| Untracked 
| 181|0x0000000715500000, 0x0000000715500000, 0x0000000715600000|  0%| F|  |TAMS 0x0000000715500000, 0x0000000715500000| Untracked 
| 182|0x0000000715600000, 0x0000000715600000, 0x0000000715700000|  0%| F|  |TAMS 0x0000000715600000, 0x0000000715600000| Untracked 
| 183|0x0000000715700000, 0x0000000715700000, 0x0000000715800000|  0%| F|  |TAMS 0x0000000715700000, 0x0000000715700000| Untracked 
| 184|0x0000000715800000, 0x0000000715800000, 0x0000000715900000|  0%| F|  |TAMS 0x0000000715800000, 0x0000000715800000| Untracked 
| 185|0x0000000715900000, 0x0000000715900000, 0x0000000715a00000|  0%| F|  |TAMS 0x0000000715900000, 0x0000000715900000| Untracked 
| 186|0x0000000715a00000, 0x0000000715a00000, 0x0000000715b00000|  0%| F|  |TAMS 0x0000000715a00000, 0x0000000715a00000| Untracked 
| 187|0x0000000715b00000, 0x0000000715b00000, 0x0000000715c00000|  0%| F|  |TAMS 0x0000000715b00000, 0x0000000715b00000| Untracked 
| 188|0x0000000715c00000, 0x0000000715c00000, 0x0000000715d00000|  0%| F|  |TAMS 0x0000000715c00000, 0x0000000715c00000| Untracked 
| 189|0x0000000715d00000, 0x0000000715d00000, 0x0000000715e00000|  0%| F|  |TAMS 0x0000000715d00000, 0x0000000715d00000| Untracked 
| 190|0x0000000715e00000, 0x0000000715e00000, 0x0000000715f00000|  0%| F|  |TAMS 0x0000000715e00000, 0x0000000715e00000| Untracked 
| 191|0x0000000715f00000, 0x0000000715f00000, 0x0000000716000000|  0%| F|  |TAMS 0x0000000715f00000, 0x0000000715f00000| Untracked 
| 192|0x0000000716000000, 0x0000000716000000, 0x0000000716100000|  0%| F|  |TAMS 0x0000000716000000, 0x0000000716000000| Untracked 
| 193|0x0000000716100000, 0x0000000716100000, 0x0000000716200000|  0%| F|  |TAMS 0x0000000716100000, 0x0000000716100000| Untracked 
| 194|0x0000000716200000, 0x0000000716200000, 0x0000000716300000|  0%| F|  |TAMS 0x0000000716200000, 0x0000000716200000| Untracked 
| 195|0x0000000716300000, 0x0000000716300000, 0x0000000716400000|  0%| F|  |TAMS 0x0000000716300000, 0x0000000716300000| Untracked 
| 196|0x0000000716400000, 0x0000000716400000, 0x0000000716500000|  0%| F|  |TAMS 0x0000000716400000, 0x0000000716400000| Untracked 
| 197|0x0000000716500000, 0x0000000716500000, 0x0000000716600000|  0%| F|  |TAMS 0x0000000716500000, 0x0000000716500000| Untracked 
| 198|0x0000000716600000, 0x0000000716600000, 0x0000000716700000|  0%| F|  |TAMS 0x0000000716600000, 0x0000000716600000| Untracked 
| 199|0x0000000716700000, 0x0000000716700000, 0x0000000716800000|  0%| F|  |TAMS 0x0000000716700000, 0x0000000716700000| Untracked 
| 200|0x0000000716800000, 0x0000000716800000, 0x0000000716900000|  0%| F|  |TAMS 0x0000000716800000, 0x0000000716800000| Untracked 
| 201|0x0000000716900000, 0x0000000716900000, 0x0000000716a00000|  0%| F|  |TAMS 0x0000000716900000, 0x0000000716900000| Untracked 
| 202|0x0000000716a00000, 0x0000000716a00000, 0x0000000716b00000|  0%| F|  |TAMS 0x0000000716a00000, 0x0000000716a00000| Untracked 
| 203|0x0000000716b00000, 0x0000000716b00000, 0x0000000716c00000|  0%| F|  |TAMS 0x0000000716b00000, 0x0000000716b00000| Untracked 
| 204|0x0000000716c00000, 0x0000000716c00000, 0x0000000716d00000|  0%| F|  |TAMS 0x0000000716c00000, 0x0000000716c00000| Untracked 
| 205|0x0000000716d00000, 0x0000000716d00000, 0x0000000716e00000|  0%| F|  |TAMS 0x0000000716d00000, 0x0000000716d00000| Untracked 
| 206|0x0000000716e00000, 0x0000000716e00000, 0x0000000716f00000|  0%| F|  |TAMS 0x0000000716e00000, 0x0000000716e00000| Untracked 
| 207|0x0000000716f00000, 0x0000000716f00000, 0x0000000717000000|  0%| F|  |TAMS 0x0000000716f00000, 0x0000000716f00000| Untracked 
| 208|0x0000000717000000, 0x0000000717000000, 0x0000000717100000|  0%| F|  |TAMS 0x0000000717000000, 0x0000000717000000| Untracked 
| 209|0x0000000717100000, 0x0000000717100000, 0x0000000717200000|  0%| F|  |TAMS 0x0000000717100000, 0x0000000717100000| Untracked 
| 210|0x0000000717200000, 0x0000000717200000, 0x0000000717300000|  0%| F|  |TAMS 0x0000000717200000, 0x0000000717200000| Untracked 
| 211|0x0000000717300000, 0x0000000717300000, 0x0000000717400000|  0%| F|  |TAMS 0x0000000717300000, 0x0000000717300000| Untracked 
| 212|0x0000000717400000, 0x0000000717400000, 0x0000000717500000|  0%| F|  |TAMS 0x0000000717400000, 0x0000000717400000| Untracked 
| 213|0x0000000717500000, 0x0000000717500000, 0x0000000717600000|  0%| F|  |TAMS 0x0000000717500000, 0x0000000717500000| Untracked 
| 214|0x0000000717600000, 0x0000000717600000, 0x0000000717700000|  0%| F|  |TAMS 0x0000000717600000, 0x0000000717600000| Untracked 
| 215|0x0000000717700000, 0x0000000717700000, 0x0000000717800000|  0%| F|  |TAMS 0x0000000717700000, 0x0000000717700000| Untracked 
| 216|0x0000000717800000, 0x0000000717800000, 0x0000000717900000|  0%| F|  |TAMS 0x0000000717800000, 0x0000000717800000| Untracked 
| 217|0x0000000717900000, 0x0000000717900000, 0x0000000717a00000|  0%| F|  |TAMS 0x0000000717900000, 0x0000000717900000| Untracked 
| 218|0x0000000717a00000, 0x0000000717a00000, 0x0000000717b00000|  0%| F|  |TAMS 0x0000000717a00000, 0x0000000717a00000| Untracked 
| 219|0x0000000717b00000, 0x0000000717b00000, 0x0000000717c00000|  0%| F|  |TAMS 0x0000000717b00000, 0x0000000717b00000| Untracked 
| 220|0x0000000717c00000, 0x0000000717c00000, 0x0000000717d00000|  0%| F|  |TAMS 0x0000000717c00000, 0x0000000717c00000| Untracked 
| 221|0x0000000717d00000, 0x0000000717d00000, 0x0000000717e00000|  0%| F|  |TAMS 0x0000000717d00000, 0x0000000717d00000| Untracked 
| 222|0x0000000717e00000, 0x0000000717e00000, 0x0000000717f00000|  0%| F|  |TAMS 0x0000000717e00000, 0x0000000717e00000| Untracked 
| 223|0x0000000717f00000, 0x0000000717f00000, 0x0000000718000000|  0%| F|  |TAMS 0x0000000717f00000, 0x0000000717f00000| Untracked 
| 224|0x0000000718000000, 0x0000000718000000, 0x0000000718100000|  0%| F|  |TAMS 0x0000000718000000, 0x0000000718000000| Untracked 
| 225|0x0000000718100000, 0x0000000718100000, 0x0000000718200000|  0%| F|  |TAMS 0x0000000718100000, 0x0000000718100000| Untracked 
| 226|0x0000000718200000, 0x0000000718200000, 0x0000000718300000|  0%| F|  |TAMS 0x0000000718200000, 0x0000000718200000| Untracked 
| 227|0x0000000718300000, 0x0000000718300000, 0x0000000718400000|  0%| F|  |TAMS 0x0000000718300000, 0x0000000718300000| Untracked 
| 228|0x0000000718400000, 0x0000000718400000, 0x0000000718500000|  0%| F|  |TAMS 0x0000000718400000, 0x0000000718400000| Untracked 
| 229|0x0000000718500000, 0x0000000718500000, 0x0000000718600000|  0%| F|  |TAMS 0x0000000718500000, 0x0000000718500000| Untracked 
| 230|0x0000000718600000, 0x0000000718600000, 0x0000000718700000|  0%| F|  |TAMS 0x0000000718600000, 0x0000000718600000| Untracked 
| 231|0x0000000718700000, 0x0000000718700000, 0x0000000718800000|  0%| F|  |TAMS 0x0000000718700000, 0x0000000718700000| Untracked 
| 232|0x0000000718800000, 0x0000000718800000, 0x0000000718900000|  0%| F|  |TAMS 0x0000000718800000, 0x0000000718800000| Untracked 
| 233|0x0000000718900000, 0x0000000718900000, 0x0000000718a00000|  0%| F|  |TAMS 0x0000000718900000, 0x0000000718900000| Untracked 
| 234|0x0000000718a00000, 0x0000000718a00000, 0x0000000718b00000|  0%| F|  |TAMS 0x0000000718a00000, 0x0000000718a00000| Untracked 
| 235|0x0000000718b00000, 0x0000000718b00000, 0x0000000718c00000|  0%| F|  |TAMS 0x0000000718b00000, 0x0000000718b00000| Untracked 
| 236|0x0000000718c00000, 0x0000000718c00000, 0x0000000718d00000|  0%| F|  |TAMS 0x0000000718c00000, 0x0000000718c00000| Untracked 
| 237|0x0000000718d00000, 0x0000000718d24010, 0x0000000718e00000| 14%| S|CS|TAMS 0x0000000718d00000, 0x0000000718d00000| Complete 
| 238|0x0000000718e00000, 0x0000000718f00000, 0x0000000718f00000|100%| S|CS|TAMS 0x0000000718e00000, 0x0000000718e00000| Complete 
| 239|0x0000000718f00000, 0x0000000719000000, 0x0000000719000000|100%| S|CS|TAMS 0x0000000718f00000, 0x0000000718f00000| Complete 
| 240|0x0000000719000000, 0x0000000719000000, 0x0000000719100000|  0%| F|  |TAMS 0x0000000719000000, 0x0000000719000000| Untracked 
| 241|0x0000000719100000, 0x0000000719100000, 0x0000000719200000|  0%| F|  |TAMS 0x0000000719100000, 0x0000000719100000| Untracked 
| 242|0x0000000719200000, 0x0000000719200000, 0x0000000719300000|  0%| F|  |TAMS 0x0000000719200000, 0x0000000719200000| Untracked 
| 243|0x0000000719300000, 0x0000000719300000, 0x0000000719400000|  0%| F|  |TAMS 0x0000000719300000, 0x0000000719300000| Untracked 
| 244|0x0000000719400000, 0x0000000719400000, 0x0000000719500000|  0%| F|  |TAMS 0x0000000719400000, 0x0000000719400000| Untracked 
| 245|0x0000000719500000, 0x0000000719500000, 0x0000000719600000|  0%| F|  |TAMS 0x0000000719500000, 0x0000000719500000| Untracked 

Card table byte_map: [0x0000020853d20000,0x00000208544d0000] _byte_map_base: 0x00000208504d0000

Marking Bits (Prev, Next): (CMBitMap*) 0x0000020840576058, (CMBitMap*) 0x0000020840576090
 Prev Bits: [0x0000020854c80000, 0x0000020858a00000)
 Next Bits: [0x0000020858a00000, 0x000002085c780000)

Polling page: 0x000002083e450000

Metaspace:

Usage:
  Non-class:      6.70 MB capacity,     6.65 MB (>99%) used,    50.79 KB ( <1%) free+waste,     6.19 KB ( <1%) overhead. 
      Class:    718.00 KB capacity,   661.30 KB ( 92%) used,    53.70 KB (  7%) free+waste,     3.00 KB ( <1%) overhead. 
       Both:      7.40 MB capacity,     7.29 MB ( 99%) used,   104.49 KB (  1%) free+waste,     9.19 KB ( <1%) overhead. 

Virtual space:
  Non-class space:       16.00 MB reserved,       6.75 MB ( 42%) committed 
      Class space:        1.00 GB reserved,     768.00 KB ( <1%) committed 
             Both:        1.02 GB reserved,       7.50 MB ( <1%) committed 

Chunk freelists:
   Non-Class:  48.00 KB
       Class:  18.00 KB
        Both:  66.00 KB

MaxMetaspaceSize: 17179869184.00 GB
CompressedClassSpaceSize: 1.00 GB
Initial GC threshold: 20.80 MB
Current GC threshold: 21.12 MB
CDS: off

CodeHeap 'non-profiled nmethods': size=120000Kb used=155Kb max_used=155Kb free=119844Kb
 bounds [0x000002084baf0000, 0x000002084bd60000, 0x0000020853020000]
CodeHeap 'profiled nmethods': size=120000Kb used=623Kb max_used=623Kb free=119376Kb
 bounds [0x00000208445c0000, 0x0000020844830000, 0x000002084baf0000]
CodeHeap 'non-nmethods': size=5760Kb used=1110Kb max_used=1122Kb free=4649Kb
 bounds [0x0000020844020000, 0x0000020844290000, 0x00000208445c0000]
 total_blobs=797 nmethods=441 adapters=269
 compilation: enabled
              stopped_count=0, restarted_count=0
 full_count=0

Compilation events (20 events):
Event: 0.386 Thread 0x000002085fe1f000 nmethod 435 0x000002084bb15f10 code [0x000002084bb160a0, 0x000002084bb16118]
Event: 0.389 Thread 0x000002085fe20800 nmethod 428 0x000002084464ae90 code [0x000002084464bd20, 0x0000020844652d78]
Event: 0.389 Thread 0x000002085fe20800  437       3       jdk.internal.org.objectweb.asm.Item::isEqualTo (354 bytes)
Event: 0.389 Thread 0x000002085fe20800 nmethod 437 0x0000020844654c10 code [0x0000020844654e80, 0x00000208446559a8]
Event: 0.389 Thread 0x000002085fe20800  434       3       sun.invoke.util.Wrapper::findPrimitiveType (25 bytes)
Event: 0.390 Thread 0x000002085fe20800 nmethod 434 0x0000020844655d10 code [0x0000020844655fa0, 0x0000020844656ac8]
Event: 0.390 Thread 0x000002085fe20800  432       3       sun.invoke.util.Wrapper::hashPrim (30 bytes)
Event: 0.390 Thread 0x000002085fe20800 nmethod 432 0x0000020844656f10 code [0x00000208446571c0, 0x0000020844657dc8]
Event: 0.390 Thread 0x000002085fe20800  431       1       java.lang.invoke.LambdaForm$Name::type (5 bytes)
Event: 0.390 Thread 0x000002085fe20800 nmethod 431 0x000002084bb16210 code [0x000002084bb163c0, 0x000002084bb16478]
Event: 0.390 Thread 0x000002085fe20800  427       3       jdk.internal.org.objectweb.asm.MethodWriter::visitVarInsn (300 bytes)
Event: 0.391 Thread 0x000002085fe20800 nmethod 427 0x0000020844658290 code [0x0000020844658500, 0x0000020844658f28]
Event: 0.391 Thread 0x000002085fe20800  424       3       java.lang.ref.WeakReference::<init> (7 bytes)
Event: 0.391 Thread 0x000002085fe20800 nmethod 424 0x0000020844659290 code [0x0000020844659460, 0x0000020844659738]
Event: 0.392 Thread 0x000002085fe20800  439       3       jdk.internal.org.objectweb.asm.Type::getArgumentsAndReturnSizes (151 bytes)
Event: 0.393 Thread 0x000002085fe20800 nmethod 439 0x0000020844659810 code [0x0000020844659b80, 0x000002084465b418]
Event: 0.393 Thread 0x000002085fe20800  440       1       java.lang.Module::getDescriptor (5 bytes)
Event: 0.393 Thread 0x000002085fe20800 nmethod 440 0x000002084bb16810 code [0x000002084bb169c0, 0x000002084bb16a78]
Event: 0.393 Thread 0x000002085fe20800  441       1       java.util.concurrent.CopyOnWriteArrayList::setArray (6 bytes)
Event: 0.393 Thread 0x000002085fe20800 nmethod 441 0x000002084bb16b10 code [0x000002084bb16cc0, 0x000002084bb16dd8]

GC Heap History (2 events):
Event: 0.393 GC heap before
{Heap before GC invocations=0 (full 0):
 garbage-first heap   total 251904K, used 7168K [0x000000070a000000, 0x0000000800000000)
  region size 1024K, 6 young (6144K), 0 survivors (0K)
 Metaspace       used 7468K, capacity 7582K, committed 7680K, reserved 1062912K
  class space    used 661K, capacity 718K, committed 768K, reserved 1048576K
}
Event: 0.398 GC heap after
{Heap after GC invocations=1 (full 0):
 garbage-first heap   total 251904K, used 4240K [0x000000070a000000, 0x0000000800000000)
  region size 1024K, 3 young (3072K), 3 survivors (3072K)
 Metaspace       used 7468K, capacity 7582K, committed 7680K, reserved 1062912K
  class space    used 661K, capacity 718K, committed 768K, reserved 1048576K
}

Deoptimization events (20 events):
Event: 0.378 Thread 0x0000020840515000 Uncommon trap: trap_request=0xffffffc6 fr.pc=0x000002084bafcb14 relative=0x0000000000000074
Event: 0.378 Thread 0x0000020840515000 Uncommon trap: reason=bimorphic_or_optimized_type_check action=maybe_recompile pc=0x000002084bafcb14 method=java.util.AbstractCollection.isEmpty()Z @ 1 c2
Event: 0.378 Thread 0x0000020840515000 DEOPT PACKING pc=0x000002084bafcb14 sp=0x000000da9fbfae80
Event: 0.378 Thread 0x0000020840515000 DEOPT UNPACKING pc=0x000002084406a1af sp=0x000000da9fbfae10 mode 2
Event: 0.378 Thread 0x0000020840515000 Uncommon trap: trap_request=0xffffffc6 fr.pc=0x000002084bafcb14 relative=0x0000000000000074
Event: 0.378 Thread 0x0000020840515000 Uncommon trap: reason=bimorphic_or_optimized_type_check action=maybe_recompile pc=0x000002084bafcb14 method=java.util.AbstractCollection.isEmpty()Z @ 1 c2
Event: 0.378 Thread 0x0000020840515000 DEOPT PACKING pc=0x000002084bafcb14 sp=0x000000da9fbfae90
Event: 0.378 Thread 0x0000020840515000 DEOPT UNPACKING pc=0x000002084406a1af sp=0x000000da9fbfae20 mode 2
Event: 0.379 Thread 0x0000020840515000 Uncommon trap: trap_request=0xffffffc6 fr.pc=0x000002084bafcb14 relative=0x0000000000000074
Event: 0.379 Thread 0x0000020840515000 Uncommon trap: reason=bimorphic_or_optimized_type_check action=maybe_recompile pc=0x000002084bafcb14 method=java.util.AbstractCollection.isEmpty()Z @ 1 c2
Event: 0.379 Thread 0x0000020840515000 DEOPT PACKING pc=0x000002084bafcb14 sp=0x000000da9fbfacb0
Event: 0.379 Thread 0x0000020840515000 DEOPT UNPACKING pc=0x000002084406a1af sp=0x000000da9fbfac40 mode 2
Event: 0.392 Thread 0x0000020840515000 Uncommon trap: trap_request=0xffffffbe fr.pc=0x000002084bb0ddf4 relative=0x00000000000003b4
Event: 0.392 Thread 0x0000020840515000 Uncommon trap: reason=profile_predicate action=maybe_recompile pc=0x000002084bb0ddf4 method=java.lang.StringLatin1.indexOf([BI[BII)I @ 18 c2
Event: 0.392 Thread 0x0000020840515000 DEOPT PACKING pc=0x000002084bb0ddf4 sp=0x000000da9fbf9a30
Event: 0.392 Thread 0x0000020840515000 DEOPT UNPACKING pc=0x000002084406a1af sp=0x000000da9fbf9990 mode 2
Event: 0.392 Thread 0x0000020840515000 Uncommon trap: trap_request=0xffffffbe fr.pc=0x000002084bb0ddf4 relative=0x00000000000003b4
Event: 0.392 Thread 0x0000020840515000 Uncommon trap: reason=profile_predicate action=maybe_recompile pc=0x000002084bb0ddf4 method=java.lang.StringLatin1.indexOf([BI[BII)I @ 18 c2
Event: 0.392 Thread 0x0000020840515000 DEOPT PACKING pc=0x000002084bb0ddf4 sp=0x000000da9fbf9960
Event: 0.392 Thread 0x0000020840515000 DEOPT UNPACKING pc=0x000002084406a1af sp=0x000000da9fbf98c0 mode 2

Classes redefined (0 events):
No events

Internal exceptions (20 events):
Event: 0.320 Thread 0x0000020840515000 Exception <a 'java/security/PrivilegedActionException'{0x00000007192ec7d8}> (0x00000007192ec7d8) thrown at [./src/hotspot/share/prims/jvm.cpp, line 1306]
Event: 0.321 Thread 0x0000020840515000 Exception <a 'java/security/PrivilegedActionException'{0x00000007192f0c18}> (0x00000007192f0c18) thrown at [./src/hotspot/share/prims/jvm.cpp, line 1306]
Event: 0.321 Thread 0x0000020840515000 Exception <a 'java/security/PrivilegedActionException'{0x00000007192f0ee8}> (0x00000007192f0ee8) thrown at [./src/hotspot/share/prims/jvm.cpp, line 1306]
Event: 0.322 Thread 0x0000020840515000 Exception <a 'java/security/PrivilegedActionException'{0x00000007192f41c8}> (0x00000007192f41c8) thrown at [./src/hotspot/share/prims/jvm.cpp, line 1306]
Event: 0.322 Thread 0x0000020840515000 Exception <a 'java/security/PrivilegedActionException'{0x00000007192f4498}> (0x00000007192f4498) thrown at [./src/hotspot/share/prims/jvm.cpp, line 1306]
Event: 0.323 Thread 0x0000020840515000 Exception <a 'java/security/PrivilegedActionException'{0x00000007192f7a40}> (0x00000007192f7a40) thrown at [./src/hotspot/share/prims/jvm.cpp, line 1306]
Event: 0.323 Thread 0x0000020840515000 Exception <a 'java/security/PrivilegedActionException'{0x00000007192f7d10}> (0x00000007192f7d10) thrown at [./src/hotspot/share/prims/jvm.cpp, line 1306]
Event: 0.324 Thread 0x0000020840515000 Exception <a 'java/security/PrivilegedActionException'{0x00000007192fb170}> (0x00000007192fb170) thrown at [./src/hotspot/share/prims/jvm.cpp, line 1306]
Event: 0.324 Thread 0x0000020840515000 Exception <a 'java/security/PrivilegedActionException'{0x00000007192fb440}> (0x00000007192fb440) thrown at [./src/hotspot/share/prims/jvm.cpp, line 1306]
Event: 0.325 Thread 0x0000020840515000 Exception <a 'java/security/PrivilegedActionException'{0x00000007192fe6c0}> (0x00000007192fe6c0) thrown at [./src/hotspot/share/prims/jvm.cpp, line 1306]
Event: 0.325 Thread 0x0000020840515000 Exception <a 'java/security/PrivilegedActionException'{0x00000007192fe990}> (0x00000007192fe990) thrown at [./src/hotspot/share/prims/jvm.cpp, line 1306]
Event: 0.326 Thread 0x0000020840515000 Exception <a 'java/security/PrivilegedActionException'{0x00000007191081e8}> (0x00000007191081e8) thrown at [./src/hotspot/share/prims/jvm.cpp, line 1306]
Event: 0.326 Thread 0x0000020840515000 Exception <a 'java/security/PrivilegedActionException'{0x00000007191084b8}> (0x00000007191084b8) thrown at [./src/hotspot/share/prims/jvm.cpp, line 1306]
Event: 0.327 Thread 0x0000020840515000 Exception <a 'java/security/PrivilegedActionException'{0x000000071910fd48}> (0x000000071910fd48) thrown at [./src/hotspot/share/prims/jvm.cpp, line 1306]
Event: 0.327 Thread 0x0000020840515000 Exception <a 'java/security/PrivilegedActionException'{0x0000000719110018}> (0x0000000719110018) thrown at [./src/hotspot/share/prims/jvm.cpp, line 1306]
Event: 0.328 Thread 0x0000020840515000 Exception <a 'java/security/PrivilegedActionException'{0x00000007191152c0}> (0x00000007191152c0) thrown at [./src/hotspot/share/prims/jvm.cpp, line 1306]
Event: 0.328 Thread 0x0000020840515000 Exception <a 'java/security/PrivilegedActionException'{0x0000000719115590}> (0x0000000719115590) thrown at [./src/hotspot/share/prims/jvm.cpp, line 1306]
Event: 0.357 Thread 0x0000020840515000 Exception <a 'java/lang/NoClassDefFoundError'{0x00000007191fdf68}: org/slf4j/LoggerFactory> (0x00000007191fdf68) thrown at [./src/hotspot/share/classfile/systemDictionary.cpp, line 220]
Event: 0.362 Thread 0x0000020840515000 Exception <a 'java/lang/NoClassDefFoundError'{0x00000007190143c0}: org/apache/log4j/Priority> (0x00000007190143c0) thrown at [./src/hotspot/share/classfile/systemDictionary.cpp, line 220]
Event: 0.365 Thread 0x0000020840515000 Exception <a 'java/lang/NoClassDefFoundError'{0x000000071902a8e8}: org/apache/logging/log4j/spi/ExtendedLoggerWrapper> (0x000000071902a8e8) thrown at [./src/hotspot/share/classfile/systemDictionary.cpp, line 220]

Events (20 events):
Event: 0.392 loading class jdk/internal/module/Resources
Event: 0.392 loading class jdk/internal/module/Resources done
Event: 0.392 loading class jdk/internal/loader/BuiltinClassLoader$2
Event: 0.392 loading class jdk/internal/loader/BuiltinClassLoader$2 done
Event: 0.392 loading class jdk/internal/loader/BuiltinClassLoader$5
Event: 0.392 loading class jdk/internal/loader/BuiltinClassLoader$5 done
Event: 0.392 loading class jdk/internal/module/SystemModuleFinders$SystemModuleReader
Event: 0.392 loading class java/lang/module/ModuleReader
Event: 0.393 loading class java/lang/module/ModuleReader done
Event: 0.393 loading class jdk/internal/module/SystemModuleFinders$SystemModuleReader done
Event: 0.393 loading class jdk/internal/module/SystemModuleFinders$SystemImage
Event: 0.393 loading class jdk/internal/module/SystemModuleFinders$SystemImage done
Event: 0.393 loading class jdk/internal/jimage/ImageReaderFactory
Event: 0.393 loading class jdk/internal/jimage/ImageReaderFactory done
Event: 0.393 loading class jdk/internal/jimage/ImageReaderFactory$1
Event: 0.393 loading class jdk/internal/jimage/ImageReaderFactory$1 done
Event: 0.393 loading class jdk/internal/jimage/ImageReader
Event: 0.393 loading class jdk/internal/jimage/ImageReader done
Event: 0.393 loading class jdk/internal/jimage/ImageReader$SharedImageReader
Event: 0.393 Executing VM operation: CollectForMetadataAllocation


Dynamic libraries:
0x00007ff656140000 - 0x00007ff65614a000 	D:\Java\Android\Android Studio\jre\bin\java.exe
0x00007fffa5a30000 - 0x00007fffa5c28000 	C:\Windows\SYSTEM32\ntdll.dll
0x00007fffa51e0000 - 0x00007fffa529d000 	C:\Windows\System32\KERNEL32.DLL
0x00007fffa3180000 - 0x00007fffa3476000 	C:\Windows\System32\KERNELBASE.dll
0x00007fffa3570000 - 0x00007fffa3670000 	C:\Windows\System32\ucrtbase.dll
0x00007fff8b970000 - 0x00007fff8b987000 	D:\Java\Android\Android Studio\jre\bin\VCRUNTIME140.dll
0x00007fff9b7a0000 - 0x00007fff9b7b9000 	D:\Java\Android\Android Studio\jre\bin\jli.dll
0x00007fffa4e30000 - 0x00007fffa4fce000 	C:\Windows\System32\USER32.dll
0x00007fffa3a60000 - 0x00007fffa3a82000 	C:\Windows\System32\win32u.dll
0x00007fff87c30000 - 0x00007fff87eca000 	C:\Windows\WinSxS\amd64_microsoft.windows.common-controls_6595b64144ccf1df_6.0.19041.1110_none_60b5254171f9507e\COMCTL32.dll
0x00007fffa4fd0000 - 0x00007fffa4ffc000 	C:\Windows\System32\GDI32.dll
0x00007fffa37e0000 - 0x00007fffa38fa000 	C:\Windows\System32\gdi32full.dll
0x00007fffa52a0000 - 0x00007fffa533e000 	C:\Windows\System32\msvcrt.dll
0x00007fffa34d0000 - 0x00007fffa356d000 	C:\Windows\System32\msvcp_win.dll
0x00007fffa3b60000 - 0x00007fffa3b90000 	C:\Windows\System32\IMM32.DLL
0x00007fff73a50000 - 0x00007fff73aed000 	D:\Java\Android\Android Studio\jre\bin\msvcp140.dll
0x00007fff72830000 - 0x00007fff73332000 	D:\Java\Android\Android Studio\jre\bin\server\jvm.dll
0x00007fffa5000000 - 0x00007fffa50ae000 	C:\Windows\System32\ADVAPI32.dll
0x00007fffa5340000 - 0x00007fffa53dc000 	C:\Windows\System32\sechost.dll
0x00007fffa50b0000 - 0x00007fffa51d6000 	C:\Windows\System32\RPCRT4.dll
0x00007fffa4350000 - 0x00007fffa4358000 	C:\Windows\System32\PSAPI.DLL
0x00007fff9e980000 - 0x00007fff9e9a7000 	C:\Windows\SYSTEM32\WINMM.dll
0x00007fffa0930000 - 0x00007fffa0939000 	C:\Windows\SYSTEM32\WSOCK32.dll
0x00007fff99860000 - 0x00007fff9986a000 	C:\Windows\SYSTEM32\VERSION.dll
0x00007fffa4dc0000 - 0x00007fffa4e2b000 	C:\Windows\System32\WS2_32.dll
0x00007fffa0f40000 - 0x00007fffa0f52000 	C:\Windows\SYSTEM32\kernel.appcore.dll
0x00007fff9bb10000 - 0x00007fff9bb21000 	D:\Java\Android\Android Studio\jre\bin\verify.dll
0x00007fff9e640000 - 0x00007fff9e824000 	C:\Windows\SYSTEM32\DBGHELP.DLL
0x00007fff9e840000 - 0x00007fff9e874000 	C:\Windows\SYSTEM32\dbgcore.DLL
0x00007fffa3750000 - 0x00007fffa37d2000 	C:\Windows\System32\bcryptPrimitives.dll
0x00007fff9b9a0000 - 0x00007fff9b9c9000 	D:\Java\Android\Android Studio\jre\bin\java.dll
0x00007fff9e010000 - 0x00007fff9e01b000 	D:\Java\Android\Android Studio\jre\bin\jimage.dll
0x00007fff9bb00000 - 0x00007fff9bb0f000 	D:\Java\Android\Android Studio\jre\bin\instrument.dll
0x00007fff9b780000 - 0x00007fff9b798000 	D:\Java\Android\Android Studio\jre\bin\zip.dll
0x00007fffa4360000 - 0x00007fffa4aa5000 	C:\Windows\System32\SHELL32.dll
0x00007fffa1160000 - 0x00007fffa18fb000 	C:\Windows\SYSTEM32\windows.storage.dll
0x00007fffa3c40000 - 0x00007fffa3f94000 	C:\Windows\System32\combase.dll
0x00007fffa29a0000 - 0x00007fffa29ce000 	C:\Windows\SYSTEM32\Wldp.dll
0x00007fffa42a0000 - 0x00007fffa434d000 	C:\Windows\System32\SHCORE.dll
0x00007fffa4c60000 - 0x00007fffa4cb5000 	C:\Windows\System32\shlwapi.dll
0x00007fffa3040000 - 0x00007fffa3065000 	C:\Windows\SYSTEM32\profapi.dll
0x00007fff99fe0000 - 0x00007fff99ffa000 	D:\Java\Android\Android Studio\jre\bin\net.dll
0x00007fff9ca20000 - 0x00007fff9cb2a000 	C:\Windows\SYSTEM32\WINHTTP.dll
0x00007fffa2780000 - 0x00007fffa27ea000 	C:\Windows\system32\mswsock.dll
0x00007fff99fc0000 - 0x00007fff99fd4000 	D:\Java\Android\Android Studio\jre\bin\nio.dll
0x00007fff8ceb0000 - 0x00007fff8ceca000 	D:\Java\Android\Android Studio\bin\breakgen64.dll

dbghelp: loaded successfully - version: 4.0.5 - missing functions: none
symbol engine: initialized successfully - sym options: 0x614 - pdb path: .;D:\Java\Android\Android Studio\jre\bin;C:\Windows\SYSTEM32;C:\Windows\WinSxS\amd64_microsoft.windows.common-controls_6595b64144ccf1df_6.0.19041.1110_none_60b5254171f9507e;D:\Java\Android\Android Studio\jre\bin\server;D:\Java\Android\Android Studio\bin

VM Arguments:
jvm_args: -javaagent:D:\Java\Android\Android Studio\lib\idea_rt.jar=56260:D:\Java\Android\Android Studio\bin -Dfile.encoding=UTF-8 
java_command: com.sy.im.client.IMSClientBootstrap
java_class_path (initial): D:\MyDrivers\AndroidSDK\platforms\android-32\android.jar;D:\MyDrivers\AndroidSDK\platforms\android-32\data\res;D:\Java\gd-project\sim-android\im_lib\build\intermediates\javac\debug\classes;D:\Java\gd-project\sim-android\im_lib\build\intermediates\compile_r_class_jar\debug\R.jar;D:\Java\gd-project\sim-android\im_lib\build\generated\res\resValues\debug;D:\Java\apache-maven-3.8.6\repository\caches\modules-2\files-2.1\com.google.protobuf\protobuf-java\3.24.4\a773e5a3845e6baa5c4ede5532c426ebe6c53330\protobuf-java-3.24.4.jar;D:\Java\apache-maven-3.8.6\repository\caches\modules-2\files-2.1\com.alibaba\fastjson\1.2.49\b8f5baf6d1b47ce3f21c1bd77242cc7c95e22fee\fastjson-1.2.49.jar;D:\Java\apache-maven-3.8.6\repository\caches\modules-2\files-2.1\androidx.annotation\annotation\1.3.0\21f49f5f9b85fc49de712539f79123119740595\annotation-1.3.0.jar;D:\Java\apache-maven-3.8.6\repository\caches\modules-2\files-2.1\androidx.lifecycle\lifecycle-common\2.4.0\1fdb7349701e9cf2f0a69fc10642b6fef6bb3e12\lifecycle-common-2.4.0.jar;D:\Java\apache-maven-3.8.6\repository\caches\modules-2\files-2.1\androidx.arch.core\core-common\2.1.0\b3152fc64428c9354344bd89848ecddc09b6f07e\core-common-2.1.0.jar;D:\Java\apache-maven-3.8.6\repository\caches\modules-2\files-2.1\androidx.collection\collection\1.1.0\1f27220b47669781457de0d600849a5de0e89909\collection-1.1.0.jar;D:\Java\apache-maven-3.8.6\repository\caches\modules-2\files-2.1\androidx.constraintlayout\constraintlayout-solver\2.0.1\30988fe2d77f3fe3bf7551bb8a8b795fad7e7226\constraintlayout-solver-2.0.1.jar;D:\Java\gd-project\sim-android\im_lib\libs\netty-tcp-4.1.33-1.0.jar;D:\Java\apache-maven-3.8.6\repository\caches\transforms-3\075df54b68c2199fa8b5e1c6e9b227c1\transformed\appcompat-1.4.1\jars\classes.jar;D:\Java\apache-maven-3.8.6\repository\caches\transforms-3\075df54b68c2199fa8b5e1c6e9b227c1\transformed\appcompat-1.4.1\res;D:\Java\apache-maven-3.8.6\repository\caches\transforms-3\075df54b68c2199fa8b5e1c6e9b227c1\transformed
Launcher Type: SUN_STANDARD

[Global flags]
     intx CICompilerCount                          = 4                                         {product} {ergonomic}
     uint ConcGCThreads                            = 3                                         {product} {ergonomic}
     uint G1ConcRefinementThreads                  = 10                                        {product} {ergonomic}
   size_t G1HeapRegionSize                         = 1048576                                   {product} {ergonomic}
    uintx GCDrainStackTargetSize                   = 64                                        {product} {ergonomic}
   size_t InitialHeapSize                          = 257949696                                 {product} {ergonomic}
   size_t MarkStackSize                            = 4194304                                   {product} {ergonomic}
   size_t MaxHeapSize                              = 4127195136                                {product} {ergonomic}
   size_t MaxNewSize                               = 2475687936                                {product} {ergonomic}
   size_t MinHeapDeltaBytes                        = 1048576                                   {product} {ergonomic}
    uintx NonNMethodCodeHeapSize                   = 5836300                                {pd product} {ergonomic}
    uintx NonProfiledCodeHeapSize                  = 122910970                              {pd product} {ergonomic}
    uintx ProfiledCodeHeapSize                     = 122910970                              {pd product} {ergonomic}
    uintx ReservedCodeCacheSize                    = 251658240                              {pd product} {ergonomic}
     bool SegmentedCodeCache                       = true                                      {product} {ergonomic}
     bool UseCompressedClassPointers               = true                                 {lp64_product} {ergonomic}
     bool UseCompressedOops                        = true                                 {lp64_product} {ergonomic}
     bool UseG1GC                                  = true                                      {product} {ergonomic}
     bool UseLargePagesIndividualAllocation        = false                                  {pd product} {ergonomic}

Logging:
Log output configuration:
 #0: stdout all=warning uptime,level,tags
 #1: stderr all=off uptime,level,tags

Environment Variables:
JAVA_HOME=D:\Java\jdk\jdk1.8.0_281
CLASSPATH=.;
PATH=D:\VMware\VMware Workstation\bin\;D:\Developer\Python311\Scripts\;D:\Developer\Python311\;C:\Program Files (x86)\Common Files\Oracle\Java\javapath;C:\Program Files\Common Files\Oracle\Java\javapath;C:\Windows\system32;C:\Windows;C:\Windows\System32\Wbem;C:\Windows\System32\WindowsPowerShell\v1.0\;C:\Windows\System32\OpenSSH\;C:\Program Files\Azure Data Studio\bin;C:\Program Files\dotnet\;D:\Java\mysql-connector-java-8.0.29;C:\Program Files\Git\cmd;C:\Program Files\TortoiseGit\bin;D:\Java\jdk\jdk1.8.0_281\bin;C:\Program Files (x86)\Git\cmd;D:\matlab2016a\install\runtime\win64;D:\matlab2016a\install\bin;D:\matlab2016a\install\polyspace\bin;D:\Java\apache-maven-3.8.6\bin;D:\Java\jdk\jdk1.8.0_281\jre\bin;%TOMCAT_HOME%\bin;%TOMCAT_HOME%\lib;D:\Java\gradle-7.6-all\gradle-7.6\bin;D:\Developer\Go\bin;D:\Developer\mingw64\bin;D:\SQL\mysql\mysql-8.0.29-winx64\bin;D:\Developer\nodejs\;C:\ProgramData\chocolatey\bin;D:\Developer\nodejs\node_global;D:\Java\apache-maven-3.8.6\bin;D:\Java\gradle-6.8.1\bin;C:\Users\soyo1\.windows-build-tools\python27\;C:\Users\soyo1\AppData\Local\Programs\Python\Python310\Scripts\;C:\Users\soyo1\AppData\Local\Programs\Python\Python310\;C:\Users\soyo1\AppData\Local\Microsoft\WindowsApps;C:\Program Files\Azure Data Studio\bin;C:\Users\soyo1\.dotnet\tools;D:\VScode\Microsoft VS Code\bin;D:\Developer\nodejs\node_global;C:\Users\soyo1\go\bin;D:\Developer\JetBrains\GoLand 2022.3.2\bin;D:\Developer\mingw64\bin;C:\www\php-8.2.3-Win32-vs16-x64;C:\Users\soyo1\AppData\Roaming\npm;C:\Users\soyo1\.windows-build-tools\python27;D:\Java\jdk\jdk1.8.0_281\bin;D:\Java\jdk\jdk1.8.0_281\jre\bin;D:\Java\protoc-24.4-win64\bin;
USERNAME=soyo1
OS=Windows_NT
PROCESSOR_IDENTIFIER=AMD64 Family 23 Model 96 Stepping 1, AuthenticAMD



---------------  S Y S T E M  ---------------

OS: Windows 10 , 64 bit Build 19041 (10.0.19041.3393)
OS uptime: 4 days 21:34 hours
Hyper-V role detected

CPU:total 12 (initial active 12) (12 cores per cpu, 2 threads per core) family 23 model 96 stepping 1 microcode 0x0, cmov, cx8, fxsr, mmx, sse, sse2, sse3, ssse3, sse4.1, sse4.2, popcnt, avx, avx2, aes, clmul, mmxext, 3dnowpref, lzcnt, sse4a, ht, tsc, tscinvbit, tscinv, bmi1, bmi2, adx, sha, fma

Memory: 4k page, system-wide physical 15741M (1766M free)
TotalPageFile size 19194M (AvailPageFile size 4M)
current process WorkingSet (physical memory assigned to process): 55M, peak: 55M
current process commit charge ("private bytes"): 337M, peak: 338M

vm_info: OpenJDK 64-Bit Server VM (11.0.13+0-b1751.21-8125866) for windows-amd64 JRE (11.0.13+0-b1751.21-8125866), built on Feb  2 2022 03:00:22 by "builder" with MS VC++ 14.0 (VS2015)

END.
